<?xml version="1.0" encoding="UTF-8"?>
<testng-results skipped="0" failed="0" ignored="0" total="2" passed="2">
  <reporter-output>
  </reporter-output>
  <suite name="Suite" duration-ms="7328" started-at="2022-09-29T16:53:17Z" finished-at="2022-09-29T16:53:24Z">
    <groups>
      <group name="cucumber">
        <method signature="AbstractTestNGCucumberTests.feature(cucumber.api.testng.CucumberFeatureWrapper)[pri:0, instance:com.runner.MyRunner@2898ac89]" name="feature" class="cucumber.api.testng.AbstractTestNGCucumberTests"/>
        <method signature="AbstractTestNGCucumberTests.feature(cucumber.api.testng.CucumberFeatureWrapper)[pri:0, instance:com.runner.MyRunner@1018bde2]" name="feature" class="cucumber.api.testng.AbstractTestNGCucumberTests"/>
      </group> <!-- cucumber -->
    </groups>
    <test name="FirefoxTest" duration-ms="4431" started-at="2022-09-29T16:53:17Z" finished-at="2022-09-29T16:53:21Z">
      <class name="com.runner.MyRunner">
        <test-method status="PASS" signature="setUpClass()[pri:0, instance:com.runner.MyRunner@1018bde2]" name="setUpClass" is-config="true" duration-ms="214" started-at="2022-09-29T16:53:17Z" finished-at="2022-09-29T16:53:17Z">
          <reporter-output>
          </reporter-output>
        </test-method> <!-- setUpClass -->
        <test-method status="PASS" signature="beforeClass(java.lang.String)[pri:0, instance:com.runner.MyRunner@1018bde2]" name="beforeClass" is-config="true" duration-ms="11" started-at="2022-09-29T16:53:17Z" finished-at="2022-09-29T16:53:17Z">
          <params>
            <param index="0">
              <value>
                <![CDATA[Firefox]]>
              </value>
            </param>
          </params>
          <reporter-output>
          </reporter-output>
        </test-method> <!-- beforeClass -->
        <test-method status="PASS" signature="feature(cucumber.api.testng.CucumberFeatureWrapper)[pri:0, instance:com.runner.MyRunner@1018bde2]" name="feature" duration-ms="4111" started-at="2022-09-29T16:53:17Z" description="Runs Cucumber Feature" data-provider="features" finished-at="2022-09-29T16:53:21Z">
          <params>
            <param index="0">
              <value>
                <![CDATA[User is able to click on the sign in button]]>
              </value>
            </param>
          </params>
          <reporter-output>
          </reporter-output>
        </test-method> <!-- feature -->
        <test-method status="PASS" signature="afterClass()[pri:0, instance:com.runner.MyRunner@1018bde2]" name="afterClass" is-config="true" duration-ms="1" started-at="2022-09-29T16:53:21Z" finished-at="2022-09-29T16:53:21Z">
          <reporter-output>
          </reporter-output>
        </test-method> <!-- afterClass -->
        <test-method status="PASS" signature="tearDownClass()[pri:0, instance:com.runner.MyRunner@1018bde2]" name="tearDownClass" is-config="true" duration-ms="10" started-at="2022-09-29T16:53:21Z" finished-at="2022-09-29T16:53:21Z">
          <reporter-output>
          </reporter-output>
        </test-method> <!-- tearDownClass -->
      </class> <!-- com.runner.MyRunner -->
    </test> <!-- FirefoxTest -->
    <test name="ChromeTest" duration-ms="7328" started-at="2022-09-29T16:53:17Z" finished-at="2022-09-29T16:53:24Z">
      <class name="com.runner.MyRunner">
        <test-method status="PASS" signature="setUpClass()[pri:0, instance:com.runner.MyRunner@2898ac89]" name="setUpClass" is-config="true" duration-ms="214" started-at="2022-09-29T16:53:17Z" finished-at="2022-09-29T16:53:17Z">
          <reporter-output>
          </reporter-output>
        </test-method> <!-- setUpClass -->
        <test-method status="PASS" signature="beforeClass(java.lang.String)[pri:0, instance:com.runner.MyRunner@2898ac89]" name="beforeClass" is-config="true" duration-ms="11" started-at="2022-09-29T16:53:17Z" finished-at="2022-09-29T16:53:17Z">
          <params>
            <param index="0">
              <value>
                <![CDATA[Chrome]]>
              </value>
            </param>
          </params>
          <reporter-output>
          </reporter-output>
        </test-method> <!-- beforeClass -->
        <test-method status="PASS" signature="feature(cucumber.api.testng.CucumberFeatureWrapper)[pri:0, instance:com.runner.MyRunner@2898ac89]" name="feature" duration-ms="7022" started-at="2022-09-29T16:53:17Z" description="Runs Cucumber Feature" data-provider="features" finished-at="2022-09-29T16:53:24Z">
          <params>
            <param index="0">
              <value>
                <![CDATA[User is able to click on the sign in button]]>
              </value>
            </param>
          </params>
          <reporter-output>
          </reporter-output>
        </test-method> <!-- feature -->
        <test-method status="PASS" signature="afterClass()[pri:0, instance:com.runner.MyRunner@2898ac89]" name="afterClass" is-config="true" duration-ms="1" started-at="2022-09-29T16:53:24Z" finished-at="2022-09-29T16:53:24Z">
          <reporter-output>
          </reporter-output>
        </test-method> <!-- afterClass -->
        <test-method status="PASS" signature="tearDownClass()[pri:0, instance:com.runner.MyRunner@2898ac89]" name="tearDownClass" is-config="true" duration-ms="1" started-at="2022-09-29T16:53:24Z" finished-at="2022-09-29T16:53:24Z">
          <reporter-output>
          </reporter-output>
        </test-method> <!-- tearDownClass -->
      </class> <!-- com.runner.MyRunner -->
    </test> <!-- ChromeTest -->
  </suite> <!-- Suite -->
</testng-results>
